<?xml version="1.0" encoding="UTF-8"?>
<!-- Generated by org.testng.reporters.JUnitReportReporter -->
<testsuite hostname="kush" failures="0" tests="1" name="com.automationDemo.test.SogetiAutomation_TC4" time="9.687" errors="0" timestamp="2023-01-15T20:02:25 CET" skipped="0">
  <testcase classname="com.automationDemo.test.SogetiAutomation_TC4" name="runAPITestAndverify" time="9.687"/>
  <system-out/>
</testsuite> <!-- com.automationDemo.test.SogetiAutomation_TC4 -->
