<?xml version="1.0" encoding="UTF-8"?>
<!-- Generated by org.testng.reporters.JUnitReportReporter -->
<testsuite hostname="kush" failures="0" tests="1" name="com.automationDemo.test.MBAutomationTC1_Test" time="18.859" errors="0" timestamp="2023-03-30T20:00:59 CEST" skipped="0">
  <testcase classname="com.automationDemo.test.MBAutomationTC1_Test" name="selectModelTest" time="18.859"/>
  <system-out/>
</testsuite> <!-- com.automationDemo.test.MBAutomationTC1_Test -->
