<?xml version="1.0" encoding="UTF-8"?>
<!-- Generated by org.testng.reporters.JUnitReportReporter -->
<testsuite hostname="kush" failures="0" tests="12" name="com.automationDemo.test.SogetiAutomation_TC3" time="104.497" errors="0" timestamp="2023-01-14T02:45:22 CET" skipped="0">
  <testcase classname="com.automationDemo.test.SogetiAutomation_TC3" name="verifyCountryLinksTest" time="11.590"/>
  <system-out/>
  <testcase classname="com.automationDemo.test.SogetiAutomation_TC3" name="verifyCountryLinksTest" time="10.759"/>
  <system-out/>
  <testcase classname="com.automationDemo.test.SogetiAutomation_TC3" name="verifyCountryLinksTest" time="6.562"/>
  <system-out/>
  <testcase classname="com.automationDemo.test.SogetiAutomation_TC3" name="verifyCountryLinksTest" time="10.941"/>
  <system-out/>
  <testcase classname="com.automationDemo.test.SogetiAutomation_TC3" name="verifyCountryLinksTest" time="8.572"/>
  <system-out/>
  <testcase classname="com.automationDemo.test.SogetiAutomation_TC3" name="verifyCountryLinksTest" time="6.148"/>
  <system-out/>
  <testcase classname="com.automationDemo.test.SogetiAutomation_TC3" name="verifyCountryLinksTest" time="11.423"/>
  <system-out/>
  <testcase classname="com.automationDemo.test.SogetiAutomation_TC3" name="verifyCountryLinksTest" time="5.028"/>
  <system-out/>
  <testcase classname="com.automationDemo.test.SogetiAutomation_TC3" name="verifyCountryLinksTest" time="7.035"/>
  <system-out/>
  <testcase classname="com.automationDemo.test.SogetiAutomation_TC3" name="verifyCountryLinksTest" time="9.700"/>
  <system-out/>
  <testcase classname="com.automationDemo.test.SogetiAutomation_TC3" name="verifyCountryLinksTest" time="10.571"/>
  <system-out/>
  <testcase classname="com.automationDemo.test.SogetiAutomation_TC3" name="verifyCountryLinksTest" time="6.168"/>
  <system-out/>
</testsuite> <!-- com.automationDemo.test.SogetiAutomation_TC3 -->
