<?xml version="1.0" encoding="UTF-8"?>
<!-- Generated by org.testng.reporters.JUnitReportReporter -->
<testsuite hostname="kush" failures="0" tests="1" name="com.automationDemo.test.SogetiAutomation_TC1" time="12.136" errors="0" timestamp="2023-01-14T13:33:08 CET" skipped="0">
  <testcase classname="com.automationDemo.test.SogetiAutomation_TC1" name="selectServicesTest" time="12.136"/>
  <system-out/>
</testsuite> <!-- com.automationDemo.test.SogetiAutomation_TC1 -->
