<?xml version="1.0" encoding="UTF-8"?>
<!-- Generated by org.testng.reporters.JUnitReportReporter -->
<testsuite hostname="kush" failures="0" tests="1" name="com.automationDemo.test.SogetiAutomationTC4_Test" time="7.281" errors="0" timestamp="2023-01-31T11:17:33 CET" skipped="0">
  <testcase classname="com.automationDemo.test.SogetiAutomationTC4_Test" name="runAPITestAndverify" time="7.281"/>
  <system-out/>
</testsuite> <!-- com.automationDemo.test.SogetiAutomationTC4_Test -->
